<?xml version='1.0' encoding='UTF-8'?>
<testsuite hostname="LPT-217" name="FlinkConsumerSpec" tests="4" errors="0" failures="1" skipped="0" time="14.615" timestamp="2022-07-27T12:33:34">
          <properties>
      <property name="awt.toolkit" value="sun.awt.X11.XToolkit"/><property name="java.specification.version" value="11"/><property name="sun.cpu.isalist" value=""/><property name="sun.jnu.encoding" value="UTF-8"/><property name="sun.arch.data.model" value="64"/><property name="java.vendor.url" value="Unknown"/><property name="sun.boot.library.path" value="/usr/lib/jvm/java-11-openjdk-amd64/lib"/><property name="sun.java.command" value="/home/mykyta.mykhailenko/.cache/sbt/boot/sbt-launch/1.6.2/sbt-launch-1.6.2.jar test"/><property name="jdk.debug" value="release"/><property name="java.specification.vendor" value="Oracle Corporation"/><property name="java.version.date" value="2022-04-19"/><property name="java.home" value="/usr/lib/jvm/java-11-openjdk-amd64"/><property name="file.separator" value="/"/><property name="java.vm.compressedOopsMode" value="32-bit"/><property name="line.separator" value="
"/><property name="java.specification.name" value="Java Platform API Specification"/><property name="java.vm.specification.vendor" value="Oracle Corporation"/><property name="sun.management.compiler" value="HotSpot 64-Bit Tiered Compilers"/><property name="java.runtime.version" value="11.0.15+10-Ubuntu-0ubuntu0.20.04.1"/><property name="user.name" value="mykyta.mykhailenko"/><property name="log4j.ignoreTCL" value="true"/><property name="file.encoding" value="UTF-8"/><property name="jnidispatch.path" value="/home/mykyta.mykhailenko/.cache/JNA/temp/jna15579650281700732959.tmp"/><property name="jna.loaded" value="true"/><property name="java.io.tmpdir" value="/tmp"/><property name="java.version" value="11.0.15"/><property name="java.vm.specification.name" value="Java Virtual Machine Specification"/><property name="java.awt.printerjob" value="sun.print.PSPrinterJob"/><property name="sun.os.patch.level" value="unknown"/><property name="java.library.path" value="/usr/java/packages/lib:/usr/lib/x86_64-linux-gnu/jni:/lib/x86_64-linux-gnu:/usr/lib/x86_64-linux-gnu:/usr/lib/jni:/lib:/usr/lib"/><property name="java.vendor" value="Private Build"/><property name="scala.ext.dirs" value="/home/mykyta.mykhailenko/.sbt/1.0/java9-rt-ext-private_build_11_0_15"/><property name="sun.io.unicode.encoding" value="UnicodeLittle"/><property name="sun.desktop" value="gnome"/><property name="java.class.path" value="/home/mykyta.mykhailenko/.cache/sbt/boot/sbt-launch/1.6.2/sbt-launch-1.6.2.jar"/><property name="java.vm.vendor" value="Private Build"/><property name="jline.shutdownhook" value="false"/><property name="user.timezone" value="Europe/Kiev"/><property name="os.name" value="Linux"/><property name="java.vm.specification.version" value="11"/><property name="sun.java.launcher" value="SUN_STANDARD"/><property name="user.country" value="US"/><property name="sun.cpu.endian" value="little"/><property name="user.home" value="/home/mykyta.mykhailenko"/><property name="user.language" value="en"/><property name="sbt.script" value="/usr/bin/sbt"/><property name="swoval.tmpdir" value="/home/mykyta.mykhailenko/.sbt/1.0"/><property name="java.awt.graphicsenv" value="sun.awt.X11GraphicsEnvironment"/><property name="jline.esc.timeout" value="0"/><property name="path.separator" value=":"/><property name="os.version" value="5.15.0-41-generic"/><property name="jna.nosys" value="true"/><property name="java.runtime.name" value="OpenJDK Runtime Environment"/><property name="java.vm.name" value="OpenJDK 64-Bit Server VM"/><property name="jna.platform.library.path" value="/usr/lib/x86_64-linux-gnu:/lib/x86_64-linux-gnu:/usr/lib64:/lib64:/usr/lib:/lib:/usr/lib/x86_64-linux-gnu/libfakeroot"/><property name="java.vendor.url.bug" value="Unknown"/><property name="user.dir" value="/home/mykyta.mykhailenko/Desktop/flink-map-with-bug"/><property name="os.arch" value="amd64"/><property name="java.vm.info" value="mixed mode, sharing"/><property name="java.vm.version" value="11.0.15+10-Ubuntu-0ubuntu0.20.04.1"/><property name="java.class.version" value="55.0"/>
    </properties>
          <testcase classname="FlinkConsumerSpec" name="correct flink consumer should::account for out of order events when allowed lateness is 3" time="3.658">
                      
                    </testcase><testcase classname="FlinkConsumerSpec" name="correct flink consumer should::drop out of order events when allowed lateness is 0" time="3.656">
                      
                    </testcase><testcase classname="FlinkConsumerSpec" name="incorrect flink consumer should::account for out of order events when allowed lateness is 3" time="3.658">
                      <failure message="List((2,machine,Metrics(2,2)), (5,machine,Metrics(4.5,4.5)), (5,machine,Metrics(6,6)), (8,machine,Metrics(7,7))) != List((2,machine,Metrics(2,2)), (5,machine,Metrics(5,5)), (5,machine,Metrics(4.5,4.5)), (5,machine,Metrics(6,6)), (8,machine,Metrics(7,7)))" type="java.lang.Exception">java.lang.Exception: List((2,machine,Metrics(2,2)), (5,machine,Metrics(4.5,4.5)), (5,machine,Metrics(6,6)), (8,machine,Metrics(7,7))) != List((2,machine,Metrics(2,2)), (5,machine,Metrics(5,5)), (5,machine,Metrics(4.5,4.5)), (5,machine,Metrics(6,6)), (8,machine,Metrics(7,7)))
	at FlinkConsumerSpec.$anonfun$new$11(FlinkConsumerSpec.scala:95)
</failure>
                    </testcase><testcase classname="FlinkConsumerSpec" name="incorrect flink consumer should::drop out of order events when allowed lateness is 0" time="3.643">
                      
                    </testcase>
          <system-out><![CDATA[]]></system-out>
          <system-err><![CDATA[]]></system-err>
        </testsuite>